{"contracts/interfaces/IChainlinkAggregatorV3.sol":{"l":{},"path":"/Users/mortimr/_/alchedge-app/alchedge/contracts/interfaces/IChainlinkAggregatorV3.sol","s":{},"b":{},"f":{},"fnMap":{},"statementMap":{},"branchMap":{}},"contracts/interfaces/ICurve.sol":{"l":{},"path":"/Users/mortimr/_/alchedge-app/alchedge/contracts/interfaces/ICurve.sol","s":{},"b":{},"f":{},"fnMap":{},"statementMap":{},"branchMap":{}},"contracts/interfaces/IERC20.sol":{"l":{},"path":"/Users/mortimr/_/alchedge-app/alchedge/contracts/interfaces/IERC20.sol","s":{},"b":{},"f":{},"fnMap":{},"statementMap":{},"branchMap":{}},"contracts/interfaces/IHegicBTCOptions.sol":{"l":{},"path":"/Users/mortimr/_/alchedge-app/alchedge/contracts/interfaces/IHegicBTCOptions.sol","s":{},"b":{},"f":{},"fnMap":{},"statementMap":{},"branchMap":{}},"contracts/interfaces/IHegicETHOptions.sol":{"l":{},"path":"/Users/mortimr/_/alchedge-app/alchedge/contracts/interfaces/IHegicETHOptions.sol","s":{},"b":{},"f":{},"fnMap":{},"statementMap":{},"branchMap":{}},"contracts/interfaces/IHegicOptionTypes.sol":{"l":{},"path":"/Users/mortimr/_/alchedge-app/alchedge/contracts/interfaces/IHegicOptionTypes.sol","s":{},"b":{},"f":{},"fnMap":{},"statementMap":{},"branchMap":{}},"contracts/interfaces/ITBD.sol":{"l":{},"path":"/Users/mortimr/_/alchedge-app/alchedge/contracts/interfaces/ITBD.sol","s":{},"b":{},"f":{},"fnMap":{},"statementMap":{},"branchMap":{}},"contracts/interfaces/ITBDv2.sol":{"l":{},"path":"/Users/mortimr/_/alchedge-app/alchedge/contracts/interfaces/ITBDv2.sol","s":{},"b":{},"f":{},"fnMap":{},"statementMap":{},"branchMap":{}},"contracts/interfaces/IUniswapV2Router02.sol":{"l":{},"path":"/Users/mortimr/_/alchedge-app/alchedge/contracts/interfaces/IUniswapV2Router02.sol","s":{},"b":{},"f":{},"fnMap":{},"statementMap":{},"branchMap":{}},"contracts/interfaces/IWETH.sol":{"l":{},"path":"/Users/mortimr/_/alchedge-app/alchedge/contracts/interfaces/IWETH.sol","s":{},"b":{},"f":{},"fnMap":{},"statementMap":{},"branchMap":{}},"contracts/mocks/AggregatorV3Mock.sol":{"l":{"19":18,"20":18,"21":18,"22":18,"23":18,"37":116,"38":116,"39":116,"40":116,"41":116},"path":"/Users/mortimr/_/alchedge-app/alchedge/contracts/mocks/AggregatorV3Mock.sol","s":{"1":18,"2":18,"3":18,"4":18,"5":18,"6":116,"7":116,"8":116,"9":116,"10":116},"b":{},"f":{"1":18,"2":116},"fnMap":{"1":{"name":"setLatestRoundData","line":12,"loc":{"start":{"line":12,"column":4},"end":{"line":24,"column":4}}},"2":{"name":"latestRoundData","line":26,"loc":{"start":{"line":26,"column":4},"end":{"line":42,"column":4}}}},"statementMap":{"1":{"start":{"line":19,"column":8},"end":{"line":19,"column":27}},"2":{"start":{"line":20,"column":8},"end":{"line":20,"column":25}},"3":{"start":{"line":21,"column":8},"end":{"line":21,"column":31}},"4":{"start":{"line":22,"column":8},"end":{"line":22,"column":31}},"5":{"start":{"line":23,"column":8},"end":{"line":23,"column":43}},"6":{"start":{"line":37,"column":8},"end":{"line":37,"column":25}},"7":{"start":{"line":38,"column":8},"end":{"line":38,"column":23}},"8":{"start":{"line":39,"column":8},"end":{"line":39,"column":29}},"9":{"start":{"line":40,"column":8},"end":{"line":40,"column":29}},"10":{"start":{"line":41,"column":8},"end":{"line":41,"column":41}}},"branchMap":{}},"contracts/TBDBTC.sol":{"l":{"52":30,"53":30,"54":30,"55":30,"56":30,"57":30,"58":30,"60":30,"61":30,"62":30,"64":30,"65":30,"66":30,"80":5,"83":4,"85":4,"87":4,"94":4,"95":4,"98":4,"101":4,"111":4,"114":4,"115":4,"117":4,"120":4,"122":4,"126":0,"130":4,"131":4,"132":4,"136":4,"137":4,"146":0,"147":0,"149":0,"158":4,"162":4,"163":4,"164":4,"165":4,"167":4,"168":2,"170":2,"171":2,"172":2,"173":2,"174":2,"175":2,"178":0,"179":0,"180":0,"181":0,"184":2,"186":0,"187":0,"188":0,"189":0,"190":0,"191":0,"194":2,"195":2,"196":2,"197":2,"205":4,"206":4,"207":4},"path":"/Users/mortimr/_/alchedge-app/alchedge/contracts/TBDBTC.sol","s":{"1":30,"2":30,"3":30,"4":30,"5":30,"6":30,"7":30,"8":30,"9":30,"10":30,"11":30,"12":30,"13":30,"14":5,"15":4,"16":4,"17":4,"18":4,"19":4,"20":4,"21":4,"22":4,"23":4,"24":4,"25":4,"26":4,"27":4,"28":0,"29":4,"30":4,"31":4,"32":4,"33":4,"34":0,"35":0,"36":0,"37":4,"38":4,"39":4,"40":4,"41":4,"42":4,"43":2,"44":2,"45":2,"46":2,"47":2,"48":2,"49":2,"50":0,"51":0,"52":0,"53":0,"54":2,"55":0,"56":0,"57":0,"58":0,"59":0,"60":0,"61":2,"62":2,"63":2,"64":2,"65":4,"66":4,"67":4,"68":48},"b":{"1":[4,1],"2":[4,0],"3":[4,0],"4":[4,0],"5":[2,2],"6":[2,0],"7":[0,2]},"f":{"1":30,"2":5,"3":0,"4":4,"5":4,"6":0,"7":4,"8":4},"fnMap":{"1":{"name":"constructor","line":43,"loc":{"start":{"line":43,"column":4},"end":{"line":67,"column":4}}},"2":{"name":"purchaseOptionWithAlUSD","line":71,"loc":{"start":{"line":71,"column":4},"end":{"line":123,"column":4}}},"3":{"name":"getOptionsByOwner","line":125,"loc":{"start":{"line":125,"column":4},"end":{"line":127,"column":4}}},"4":{"name":"getUnderlyingFeeFromAlUSD","line":129,"loc":{"start":{"line":129,"column":4},"end":{"line":133,"column":4}}},"5":{"name":"getEthFeeFromAlUSD","line":135,"loc":{"start":{"line":135,"column":4},"end":{"line":138,"column":4}}},"6":{"name":"getOptionAmountFromAlUSD","line":140,"loc":{"start":{"line":140,"column":4},"end":{"line":150,"column":4}}},"7":{"name":"getAmount","line":152,"loc":{"start":{"line":152,"column":4},"end":{"line":200,"column":4}}},"8":{"name":"sqrt","line":204,"loc":{"start":{"line":204,"column":4},"end":{"line":208,"column":4}}}},"statementMap":{"1":{"start":{"line":52,"column":8},"end":{"line":52,"column":45}},"2":{"start":{"line":53,"column":8},"end":{"line":53,"column":59}},"3":{"start":{"line":54,"column":8},"end":{"line":54,"column":29}},"4":{"start":{"line":55,"column":8},"end":{"line":55,"column":25}},"5":{"start":{"line":56,"column":8},"end":{"line":56,"column":26}},"6":{"start":{"line":57,"column":8},"end":{"line":57,"column":27}},"7":{"start":{"line":58,"column":8},"end":{"line":58,"column":65}},"8":{"start":{"line":60,"column":8},"end":{"line":60,"column":45}},"9":{"start":{"line":61,"column":8},"end":{"line":61,"column":36}},"10":{"start":{"line":62,"column":8},"end":{"line":62,"column":37}},"11":{"start":{"line":64,"column":8},"end":{"line":64,"column":48}},"12":{"start":{"line":65,"column":8},"end":{"line":65,"column":40}},"13":{"start":{"line":66,"column":8},"end":{"line":66,"column":40}},"14":{"start":{"line":80,"column":8},"end":{"line":80,"column":98}},"15":{"start":{"line":83,"column":8},"end":{"line":83,"column":76}},"16":{"start":{"line":85,"column":8},"end":{"line":85,"column":52}},"17":{"start":{"line":87,"column":8},"end":{"line":87,"column":2627}},"18":{"start":{"line":94,"column":8},"end":{"line":94,"column":108}},"19":{"start":{"line":95,"column":8},"end":{"line":95,"column":69}},"20":{"start":{"line":98,"column":8},"end":{"line":98,"column":60}},"21":{"start":{"line":101,"column":8},"end":{"line":101,"column":3327}},"22":{"start":{"line":111,"column":8},"end":{"line":111,"column":87}},"23":{"start":{"line":114,"column":8},"end":{"line":114,"column":108}},"24":{"start":{"line":115,"column":8},"end":{"line":115,"column":57}},"25":{"start":{"line":117,"column":8},"end":{"line":117,"column":87}},"26":{"start":{"line":120,"column":8},"end":{"line":120,"column":89}},"27":{"start":{"line":122,"column":8},"end":{"line":122,"column":23}},"28":{"start":{"line":126,"column":8},"end":{"line":126,"column":36}},"29":{"start":{"line":130,"column":8},"end":{"line":130,"column":76}},"30":{"start":{"line":131,"column":8},"end":{"line":131,"column":111}},"31":{"start":{"line":132,"column":8},"end":{"line":132,"column":95}},"32":{"start":{"line":136,"column":8},"end":{"line":136,"column":76}},"33":{"start":{"line":137,"column":8},"end":{"line":137,"column":84}},"34":{"start":{"line":146,"column":8},"end":{"line":146,"column":76}},"35":{"start":{"line":147,"column":8},"end":{"line":147,"column":111}},"36":{"start":{"line":149,"column":8},"end":{"line":149,"column":74}},"37":{"start":{"line":158,"column":8},"end":{"line":158,"column":5630}},"38":{"start":{"line":162,"column":8},"end":{"line":162,"column":112}},"39":{"start":{"line":163,"column":8},"end":{"line":163,"column":51}},"40":{"start":{"line":164,"column":8},"end":{"line":164,"column":53}},"41":{"start":{"line":165,"column":8},"end":{"line":165,"column":96}},"42":{"start":{"line":167,"column":8},"end":{"line":167,"column":6124}},"43":{"start":{"line":168,"column":12},"end":{"line":168,"column":6194}},"44":{"start":{"line":170,"column":16},"end":{"line":170,"column":82}},"45":{"start":{"line":171,"column":16},"end":{"line":171,"column":49}},"46":{"start":{"line":172,"column":16},"end":{"line":172,"column":73}},"47":{"start":{"line":173,"column":16},"end":{"line":173,"column":64}},"48":{"start":{"line":174,"column":16},"end":{"line":174,"column":78}},"49":{"start":{"line":175,"column":16},"end":{"line":175,"column":38}},"50":{"start":{"line":178,"column":16},"end":{"line":178,"column":82}},"51":{"start":{"line":179,"column":16},"end":{"line":179,"column":49}},"52":{"start":{"line":180,"column":16},"end":{"line":180,"column":109}},"53":{"start":{"line":181,"column":16},"end":{"line":181,"column":38}},"54":{"start":{"line":184,"column":12},"end":{"line":184,"column":7033}},"55":{"start":{"line":186,"column":16},"end":{"line":186,"column":94}},"56":{"start":{"line":187,"column":16},"end":{"line":187,"column":49}},"57":{"start":{"line":188,"column":16},"end":{"line":188,"column":85}},"58":{"start":{"line":189,"column":16},"end":{"line":189,"column":88}},"59":{"start":{"line":190,"column":16},"end":{"line":190,"column":90}},"60":{"start":{"line":191,"column":16},"end":{"line":191,"column":38}},"61":{"start":{"line":194,"column":16},"end":{"line":194,"column":76}},"62":{"start":{"line":195,"column":16},"end":{"line":195,"column":49}},"63":{"start":{"line":196,"column":16},"end":{"line":196,"column":109}},"64":{"start":{"line":197,"column":16},"end":{"line":197,"column":38}},"65":{"start":{"line":205,"column":8},"end":{"line":205,"column":17}},"66":{"start":{"line":206,"column":8},"end":{"line":206,"column":35}},"67":{"start":{"line":207,"column":8},"end":{"line":207,"column":68}},"68":{"start":{"line":207,"column":27},"end":{"line":207,"column":67}}},"branchMap":{"1":{"line":80,"type":"if","locations":[{"start":{"line":80,"column":8},"end":{"line":80,"column":8}},{"start":{"line":80,"column":8},"end":{"line":80,"column":8}}]},"2":{"line":87,"type":"if","locations":[{"start":{"line":87,"column":8},"end":{"line":87,"column":8}},{"start":{"line":87,"column":8},"end":{"line":87,"column":8}}]},"3":{"line":95,"type":"if","locations":[{"start":{"line":95,"column":8},"end":{"line":95,"column":8}},{"start":{"line":95,"column":8},"end":{"line":95,"column":8}}]},"4":{"line":158,"type":"if","locations":[{"start":{"line":158,"column":8},"end":{"line":158,"column":8}},{"start":{"line":158,"column":8},"end":{"line":158,"column":8}}]},"5":{"line":167,"type":"if","locations":[{"start":{"line":167,"column":8},"end":{"line":167,"column":8}},{"start":{"line":167,"column":8},"end":{"line":167,"column":8}}]},"6":{"line":168,"type":"if","locations":[{"start":{"line":168,"column":12},"end":{"line":168,"column":12}},{"start":{"line":168,"column":12},"end":{"line":168,"column":12}}]},"7":{"line":184,"type":"if","locations":[{"start":{"line":184,"column":12},"end":{"line":184,"column":12}},{"start":{"line":184,"column":12},"end":{"line":184,"column":12}}]}}},"contracts/TBDBTCv2.sol":{"l":{"56":0,"58":0,"59":0,"60":0,"61":0,"62":0,"63":0,"64":0,"65":0,"67":0,"68":0,"69":0,"71":0,"72":0,"73":0,"75":0,"77":0,"91":0,"94":0,"96":0,"98":0,"105":0,"106":0,"109":0,"112":0,"121":0,"124":0,"127":0,"128":0,"130":0,"133":0,"135":0,"139":0,"143":0,"144":0,"145":0,"149":0,"150":0,"159":0,"160":0,"162":0,"171":0,"175":0,"176":0,"177":0,"178":0,"180":0,"181":0,"183":0,"184":0,"185":0,"186":0,"187":0,"188":0,"191":0,"192":0,"193":0,"194":0,"197":0,"199":0,"200":0,"201":0,"202":0,"203":0,"204":0,"207":0,"208":0,"209":0,"210":0,"218":0,"219":0,"220":0},"path":"/Users/mortimr/_/alchedge-app/alchedge/contracts/TBDBTCv2.sol","s":{"1":0,"2":0,"3":0,"4":0,"5":0,"6":0,"7":0,"8":0,"9":0,"10":0,"11":0,"12":0,"13":0,"14":0,"15":0,"16":0,"17":0,"18":0,"19":0,"20":0,"21":0,"22":0,"23":0,"24":0,"25":0,"26":0,"27":0,"28":0,"29":0,"30":0,"31":0,"32":0,"33":0,"34":0,"35":0,"36":0,"37":0,"38":0,"39":0,"40":0,"41":0,"42":0,"43":0,"44":0,"45":0,"46":0,"47":0,"48":0,"49":0,"50":0,"51":0,"52":0,"53":0,"54":0,"55":0,"56":0,"57":0,"58":0,"59":0,"60":0,"61":0,"62":0,"63":0,"64":0,"65":0,"66":0,"67":0,"68":0,"69":0,"70":0,"71":0,"72":0,"73":0},"b":{"1":[0,0],"2":[0,0],"3":[0,0],"4":[0,0],"5":[0,0],"6":[0,0],"7":[0,0],"8":[0,0]},"f":{"1":0,"2":0,"3":0,"4":0,"5":0,"6":0,"7":0,"8":0},"fnMap":{"1":{"name":"constructor","line":45,"loc":{"start":{"line":45,"column":4},"end":{"line":78,"column":4}}},"2":{"name":"purchaseOptionWithAlUSD","line":82,"loc":{"start":{"line":82,"column":4},"end":{"line":136,"column":4}}},"3":{"name":"getOptionsByOwner","line":138,"loc":{"start":{"line":138,"column":4},"end":{"line":140,"column":4}}},"4":{"name":"getUnderlyingFeeFromAlUSD","line":142,"loc":{"start":{"line":142,"column":4},"end":{"line":146,"column":4}}},"5":{"name":"getEthFeeFromAlUSD","line":148,"loc":{"start":{"line":148,"column":4},"end":{"line":151,"column":4}}},"6":{"name":"getOptionAmountFromAlUSD","line":153,"loc":{"start":{"line":153,"column":4},"end":{"line":163,"column":4}}},"7":{"name":"getAmount","line":165,"loc":{"start":{"line":165,"column":4},"end":{"line":213,"column":4}}},"8":{"name":"sqrt","line":217,"loc":{"start":{"line":217,"column":4},"end":{"line":221,"column":4}}}},"statementMap":{"1":{"start":{"line":56,"column":8},"end":{"line":56,"column":64}},"2":{"start":{"line":58,"column":8},"end":{"line":58,"column":45}},"3":{"start":{"line":59,"column":8},"end":{"line":59,"column":59}},"4":{"start":{"line":60,"column":8},"end":{"line":60,"column":29}},"5":{"start":{"line":61,"column":8},"end":{"line":61,"column":25}},"6":{"start":{"line":62,"column":8},"end":{"line":62,"column":26}},"7":{"start":{"line":63,"column":8},"end":{"line":63,"column":27}},"8":{"start":{"line":64,"column":8},"end":{"line":64,"column":65}},"9":{"start":{"line":65,"column":8},"end":{"line":65,"column":17}},"10":{"start":{"line":67,"column":8},"end":{"line":67,"column":45}},"11":{"start":{"line":68,"column":8},"end":{"line":68,"column":36}},"12":{"start":{"line":69,"column":8},"end":{"line":69,"column":37}},"13":{"start":{"line":71,"column":8},"end":{"line":71,"column":48}},"14":{"start":{"line":72,"column":8},"end":{"line":72,"column":40}},"15":{"start":{"line":73,"column":8},"end":{"line":73,"column":40}},"16":{"start":{"line":75,"column":8},"end":{"line":75,"column":40}},"17":{"start":{"line":77,"column":8},"end":{"line":77,"column":36}},"18":{"start":{"line":91,"column":8},"end":{"line":91,"column":98}},"19":{"start":{"line":94,"column":8},"end":{"line":94,"column":76}},"20":{"start":{"line":96,"column":8},"end":{"line":96,"column":52}},"21":{"start":{"line":98,"column":8},"end":{"line":98,"column":2940}},"22":{"start":{"line":105,"column":8},"end":{"line":105,"column":108}},"23":{"start":{"line":106,"column":8},"end":{"line":106,"column":69}},"24":{"start":{"line":109,"column":8},"end":{"line":109,"column":60}},"25":{"start":{"line":112,"column":8},"end":{"line":112,"column":3640}},"26":{"start":{"line":121,"column":8},"end":{"line":121,"column":79}},"27":{"start":{"line":124,"column":8},"end":{"line":124,"column":90}},"28":{"start":{"line":127,"column":8},"end":{"line":127,"column":111}},"29":{"start":{"line":128,"column":8},"end":{"line":128,"column":57}},"30":{"start":{"line":130,"column":8},"end":{"line":130,"column":132}},"31":{"start":{"line":133,"column":8},"end":{"line":133,"column":91}},"32":{"start":{"line":135,"column":8},"end":{"line":135,"column":23}},"33":{"start":{"line":139,"column":8},"end":{"line":139,"column":36}},"34":{"start":{"line":143,"column":8},"end":{"line":143,"column":76}},"35":{"start":{"line":144,"column":8},"end":{"line":144,"column":111}},"36":{"start":{"line":145,"column":8},"end":{"line":145,"column":118}},"37":{"start":{"line":149,"column":8},"end":{"line":149,"column":76}},"38":{"start":{"line":150,"column":8},"end":{"line":150,"column":107}},"39":{"start":{"line":159,"column":8},"end":{"line":159,"column":76}},"40":{"start":{"line":160,"column":8},"end":{"line":160,"column":111}},"41":{"start":{"line":162,"column":8},"end":{"line":162,"column":74}},"42":{"start":{"line":171,"column":8},"end":{"line":171,"column":6126}},"43":{"start":{"line":175,"column":8},"end":{"line":175,"column":112}},"44":{"start":{"line":176,"column":8},"end":{"line":176,"column":51}},"45":{"start":{"line":177,"column":8},"end":{"line":177,"column":53}},"46":{"start":{"line":178,"column":8},"end":{"line":178,"column":96}},"47":{"start":{"line":180,"column":8},"end":{"line":180,"column":6620}},"48":{"start":{"line":181,"column":12},"end":{"line":181,"column":6690}},"49":{"start":{"line":183,"column":16},"end":{"line":183,"column":82}},"50":{"start":{"line":184,"column":16},"end":{"line":184,"column":49}},"51":{"start":{"line":185,"column":16},"end":{"line":185,"column":73}},"52":{"start":{"line":186,"column":16},"end":{"line":186,"column":64}},"53":{"start":{"line":187,"column":16},"end":{"line":187,"column":78}},"54":{"start":{"line":188,"column":16},"end":{"line":188,"column":38}},"55":{"start":{"line":191,"column":16},"end":{"line":191,"column":82}},"56":{"start":{"line":192,"column":16},"end":{"line":192,"column":49}},"57":{"start":{"line":193,"column":16},"end":{"line":193,"column":109}},"58":{"start":{"line":194,"column":16},"end":{"line":194,"column":38}},"59":{"start":{"line":197,"column":12},"end":{"line":197,"column":7529}},"60":{"start":{"line":199,"column":16},"end":{"line":199,"column":94}},"61":{"start":{"line":200,"column":16},"end":{"line":200,"column":49}},"62":{"start":{"line":201,"column":16},"end":{"line":201,"column":85}},"63":{"start":{"line":202,"column":16},"end":{"line":202,"column":88}},"64":{"start":{"line":203,"column":16},"end":{"line":203,"column":90}},"65":{"start":{"line":204,"column":16},"end":{"line":204,"column":38}},"66":{"start":{"line":207,"column":16},"end":{"line":207,"column":76}},"67":{"start":{"line":208,"column":16},"end":{"line":208,"column":49}},"68":{"start":{"line":209,"column":16},"end":{"line":209,"column":109}},"69":{"start":{"line":210,"column":16},"end":{"line":210,"column":38}},"70":{"start":{"line":218,"column":8},"end":{"line":218,"column":17}},"71":{"start":{"line":219,"column":8},"end":{"line":219,"column":35}},"72":{"start":{"line":220,"column":8},"end":{"line":220,"column":68}},"73":{"start":{"line":220,"column":27},"end":{"line":220,"column":67}}},"branchMap":{"1":{"line":56,"type":"if","locations":[{"start":{"line":56,"column":8},"end":{"line":56,"column":8}},{"start":{"line":56,"column":8},"end":{"line":56,"column":8}}]},"2":{"line":91,"type":"if","locations":[{"start":{"line":91,"column":8},"end":{"line":91,"column":8}},{"start":{"line":91,"column":8},"end":{"line":91,"column":8}}]},"3":{"line":98,"type":"if","locations":[{"start":{"line":98,"column":8},"end":{"line":98,"column":8}},{"start":{"line":98,"column":8},"end":{"line":98,"column":8}}]},"4":{"line":106,"type":"if","locations":[{"start":{"line":106,"column":8},"end":{"line":106,"column":8}},{"start":{"line":106,"column":8},"end":{"line":106,"column":8}}]},"5":{"line":171,"type":"if","locations":[{"start":{"line":171,"column":8},"end":{"line":171,"column":8}},{"start":{"line":171,"column":8},"end":{"line":171,"column":8}}]},"6":{"line":180,"type":"if","locations":[{"start":{"line":180,"column":8},"end":{"line":180,"column":8}},{"start":{"line":180,"column":8},"end":{"line":180,"column":8}}]},"7":{"line":181,"type":"if","locations":[{"start":{"line":181,"column":12},"end":{"line":181,"column":12}},{"start":{"line":181,"column":12},"end":{"line":181,"column":12}}]},"8":{"line":197,"type":"if","locations":[{"start":{"line":197,"column":12},"end":{"line":197,"column":12}},{"start":{"line":197,"column":12},"end":{"line":197,"column":12}}]}}},"contracts/TBDETH.sol":{"l":{"49":30,"50":30,"51":30,"52":30,"53":30,"54":30,"56":30,"57":30,"58":30,"72":5,"75":4,"77":4,"79":4,"86":4,"87":4,"90":4,"93":4,"103":4,"106":4,"107":4,"109":4,"112":4,"114":4,"118":0,"122":0,"123":0,"124":0,"128":6,"129":6,"130":6,"139":0,"140":0,"142":0,"151":4,"155":4,"156":4,"157":4,"159":4,"160":2,"162":1,"163":1,"164":1,"165":1,"166":1,"167":1,"170":1,"171":1,"172":1,"173":1,"176":2,"178":0,"179":0,"180":0,"181":0,"182":0,"183":0,"186":2,"187":2,"188":2,"189":2,"197":4,"198":4,"199":4},"path":"/Users/mortimr/_/alchedge-app/alchedge/contracts/TBDETH.sol","s":{"1":30,"2":30,"3":30,"4":30,"5":30,"6":30,"7":30,"8":30,"9":30,"10":5,"11":4,"12":4,"13":4,"14":4,"15":4,"16":4,"17":4,"18":4,"19":4,"20":4,"21":4,"22":4,"23":4,"24":0,"25":0,"26":0,"27":0,"28":6,"29":6,"30":6,"31":0,"32":0,"33":0,"34":4,"35":4,"36":4,"37":4,"38":4,"39":2,"40":1,"41":1,"42":1,"43":1,"44":1,"45":1,"46":1,"47":1,"48":1,"49":1,"50":2,"51":0,"52":0,"53":0,"54":0,"55":0,"56":0,"57":2,"58":2,"59":2,"60":2,"61":4,"62":4,"63":4,"64":48},"b":{"1":[4,1],"2":[4,0],"3":[4,0],"4":[4,0],"5":[2,2],"6":[1,1],"7":[0,2]},"f":{"1":30,"2":5,"3":0,"4":0,"5":6,"6":0,"7":4,"8":4},"fnMap":{"1":{"name":"constructor","line":41,"loc":{"start":{"line":41,"column":4},"end":{"line":59,"column":4}}},"2":{"name":"purchaseOptionWithAlUSD","line":63,"loc":{"start":{"line":63,"column":4},"end":{"line":115,"column":4}}},"3":{"name":"getOptionsByOwner","line":117,"loc":{"start":{"line":117,"column":4},"end":{"line":119,"column":4}}},"4":{"name":"getUnderlyingFeeFromAlUSD","line":121,"loc":{"start":{"line":121,"column":4},"end":{"line":125,"column":4}}},"5":{"name":"getEthFeeFromAlUSD","line":127,"loc":{"start":{"line":127,"column":4},"end":{"line":131,"column":4}}},"6":{"name":"getOptionAmountFromAlUSD","line":133,"loc":{"start":{"line":133,"column":4},"end":{"line":143,"column":4}}},"7":{"name":"getAmount","line":145,"loc":{"start":{"line":145,"column":4},"end":{"line":192,"column":4}}},"8":{"name":"sqrt","line":196,"loc":{"start":{"line":196,"column":4},"end":{"line":200,"column":4}}}},"statementMap":{"1":{"start":{"line":49,"column":8},"end":{"line":49,"column":45}},"2":{"start":{"line":50,"column":8},"end":{"line":50,"column":59}},"3":{"start":{"line":51,"column":8},"end":{"line":51,"column":29}},"4":{"start":{"line":52,"column":8},"end":{"line":52,"column":25}},"5":{"start":{"line":53,"column":8},"end":{"line":53,"column":26}},"6":{"start":{"line":54,"column":8},"end":{"line":54,"column":65}},"7":{"start":{"line":56,"column":8},"end":{"line":56,"column":45}},"8":{"start":{"line":57,"column":8},"end":{"line":57,"column":36}},"9":{"start":{"line":58,"column":8},"end":{"line":58,"column":37}},"10":{"start":{"line":72,"column":8},"end":{"line":72,"column":98}},"11":{"start":{"line":75,"column":8},"end":{"line":75,"column":76}},"12":{"start":{"line":77,"column":8},"end":{"line":77,"column":52}},"13":{"start":{"line":79,"column":8},"end":{"line":79,"column":2352}},"14":{"start":{"line":86,"column":8},"end":{"line":86,"column":108}},"15":{"start":{"line":87,"column":8},"end":{"line":87,"column":69}},"16":{"start":{"line":90,"column":8},"end":{"line":90,"column":60}},"17":{"start":{"line":93,"column":8},"end":{"line":93,"column":3053}},"18":{"start":{"line":103,"column":8},"end":{"line":103,"column":87}},"19":{"start":{"line":106,"column":8},"end":{"line":106,"column":108}},"20":{"start":{"line":107,"column":8},"end":{"line":107,"column":57}},"21":{"start":{"line":109,"column":8},"end":{"line":109,"column":87}},"22":{"start":{"line":112,"column":8},"end":{"line":112,"column":89}},"23":{"start":{"line":114,"column":8},"end":{"line":114,"column":23}},"24":{"start":{"line":118,"column":8},"end":{"line":118,"column":36}},"25":{"start":{"line":122,"column":8},"end":{"line":122,"column":76}},"26":{"start":{"line":123,"column":8},"end":{"line":123,"column":111}},"27":{"start":{"line":124,"column":8},"end":{"line":124,"column":35}},"28":{"start":{"line":128,"column":8},"end":{"line":128,"column":76}},"29":{"start":{"line":129,"column":8},"end":{"line":129,"column":111}},"30":{"start":{"line":130,"column":8},"end":{"line":130,"column":35}},"31":{"start":{"line":139,"column":8},"end":{"line":139,"column":76}},"32":{"start":{"line":140,"column":8},"end":{"line":140,"column":111}},"33":{"start":{"line":142,"column":8},"end":{"line":142,"column":74}},"34":{"start":{"line":151,"column":8},"end":{"line":151,"column":5360}},"35":{"start":{"line":155,"column":8},"end":{"line":155,"column":112}},"36":{"start":{"line":156,"column":8},"end":{"line":156,"column":51}},"37":{"start":{"line":157,"column":8},"end":{"line":157,"column":53}},"38":{"start":{"line":159,"column":8},"end":{"line":159,"column":5756}},"39":{"start":{"line":160,"column":12},"end":{"line":160,"column":5826}},"40":{"start":{"line":162,"column":16},"end":{"line":162,"column":73}},"41":{"start":{"line":163,"column":16},"end":{"line":163,"column":49}},"42":{"start":{"line":164,"column":16},"end":{"line":164,"column":73}},"43":{"start":{"line":165,"column":16},"end":{"line":165,"column":64}},"44":{"start":{"line":166,"column":16},"end":{"line":166,"column":78}},"45":{"start":{"line":167,"column":16},"end":{"line":167,"column":38}},"46":{"start":{"line":170,"column":16},"end":{"line":170,"column":73}},"47":{"start":{"line":171,"column":16},"end":{"line":171,"column":49}},"48":{"start":{"line":172,"column":16},"end":{"line":172,"column":109}},"49":{"start":{"line":173,"column":16},"end":{"line":173,"column":38}},"50":{"start":{"line":176,"column":12},"end":{"line":176,"column":6647}},"51":{"start":{"line":178,"column":16},"end":{"line":178,"column":85}},"52":{"start":{"line":179,"column":16},"end":{"line":179,"column":49}},"53":{"start":{"line":180,"column":16},"end":{"line":180,"column":85}},"54":{"start":{"line":181,"column":16},"end":{"line":181,"column":88}},"55":{"start":{"line":182,"column":16},"end":{"line":182,"column":90}},"56":{"start":{"line":183,"column":16},"end":{"line":183,"column":38}},"57":{"start":{"line":186,"column":16},"end":{"line":186,"column":67}},"58":{"start":{"line":187,"column":16},"end":{"line":187,"column":49}},"59":{"start":{"line":188,"column":16},"end":{"line":188,"column":109}},"60":{"start":{"line":189,"column":16},"end":{"line":189,"column":38}},"61":{"start":{"line":197,"column":8},"end":{"line":197,"column":17}},"62":{"start":{"line":198,"column":8},"end":{"line":198,"column":35}},"63":{"start":{"line":199,"column":8},"end":{"line":199,"column":68}},"64":{"start":{"line":199,"column":27},"end":{"line":199,"column":67}}},"branchMap":{"1":{"line":72,"type":"if","locations":[{"start":{"line":72,"column":8},"end":{"line":72,"column":8}},{"start":{"line":72,"column":8},"end":{"line":72,"column":8}}]},"2":{"line":79,"type":"if","locations":[{"start":{"line":79,"column":8},"end":{"line":79,"column":8}},{"start":{"line":79,"column":8},"end":{"line":79,"column":8}}]},"3":{"line":87,"type":"if","locations":[{"start":{"line":87,"column":8},"end":{"line":87,"column":8}},{"start":{"line":87,"column":8},"end":{"line":87,"column":8}}]},"4":{"line":151,"type":"if","locations":[{"start":{"line":151,"column":8},"end":{"line":151,"column":8}},{"start":{"line":151,"column":8},"end":{"line":151,"column":8}}]},"5":{"line":159,"type":"if","locations":[{"start":{"line":159,"column":8},"end":{"line":159,"column":8}},{"start":{"line":159,"column":8},"end":{"line":159,"column":8}}]},"6":{"line":160,"type":"if","locations":[{"start":{"line":160,"column":12},"end":{"line":160,"column":12}},{"start":{"line":160,"column":12},"end":{"line":160,"column":12}}]},"7":{"line":176,"type":"if","locations":[{"start":{"line":176,"column":12},"end":{"line":176,"column":12}},{"start":{"line":176,"column":12},"end":{"line":176,"column":12}}]}}},"contracts/TBDETHv2.sol":{"l":{"53":0,"55":0,"56":0,"57":0,"58":0,"59":0,"60":0,"61":0,"62":0,"63":0,"64":0,"66":0,"68":0,"83":0,"86":0,"88":0,"90":0,"97":0,"98":0,"101":0,"104":0,"113":0,"116":0,"119":0,"120":0,"122":0,"125":0,"127":0,"131":0,"135":0,"136":0,"140":0,"141":0,"150":0,"151":0,"153":0,"162":0,"166":0,"167":0,"168":0,"170":0,"171":0,"173":0,"174":0,"175":0,"176":0,"177":0,"178":0,"181":0,"182":0,"183":0,"184":0,"187":0,"189":0,"190":0,"191":0,"192":0,"193":0,"194":0,"197":0,"198":0,"199":0,"200":0,"208":0,"209":0,"210":0},"path":"/Users/mortimr/_/alchedge-app/alchedge/contracts/TBDETHv2.sol","s":{"1":0,"2":0,"3":0,"4":0,"5":0,"6":0,"7":0,"8":0,"9":0,"10":0,"11":0,"12":0,"13":0,"14":0,"15":0,"16":0,"17":0,"18":0,"19":0,"20":0,"21":0,"22":0,"23":0,"24":0,"25":0,"26":0,"27":0,"28":0,"29":0,"30":0,"31":0,"32":0,"33":0,"34":0,"35":0,"36":0,"37":0,"38":0,"39":0,"40":0,"41":0,"42":0,"43":0,"44":0,"45":0,"46":0,"47":0,"48":0,"49":0,"50":0,"51":0,"52":0,"53":0,"54":0,"55":0,"56":0,"57":0,"58":0,"59":0,"60":0,"61":0,"62":0,"63":0,"64":0,"65":0,"66":0,"67":0},"b":{"1":[0,0],"2":[0,0],"3":[0,0],"4":[0,0],"5":[0,0],"6":[0,0],"7":[0,0],"8":[0,0]},"f":{"1":0,"2":0,"3":0,"4":0,"5":0,"6":0,"7":0,"8":0},"fnMap":{"1":{"name":"constructor","line":43,"loc":{"start":{"line":43,"column":4},"end":{"line":70,"column":4}}},"2":{"name":"purchaseOptionWithAlUSD","line":74,"loc":{"start":{"line":74,"column":4},"end":{"line":128,"column":4}}},"3":{"name":"getOptionsByOwner","line":130,"loc":{"start":{"line":130,"column":4},"end":{"line":132,"column":4}}},"4":{"name":"getUnderlyingFeeFromAlUSD","line":134,"loc":{"start":{"line":134,"column":4},"end":{"line":137,"column":4}}},"5":{"name":"getEthFeeFromAlUSD","line":139,"loc":{"start":{"line":139,"column":4},"end":{"line":142,"column":4}}},"6":{"name":"getOptionAmountFromAlUSD","line":144,"loc":{"start":{"line":144,"column":4},"end":{"line":154,"column":4}}},"7":{"name":"getAmount","line":156,"loc":{"start":{"line":156,"column":4},"end":{"line":203,"column":4}}},"8":{"name":"sqrt","line":207,"loc":{"start":{"line":207,"column":4},"end":{"line":211,"column":4}}}},"statementMap":{"1":{"start":{"line":53,"column":8},"end":{"line":53,"column":64}},"2":{"start":{"line":55,"column":8},"end":{"line":55,"column":45}},"3":{"start":{"line":56,"column":8},"end":{"line":56,"column":59}},"4":{"start":{"line":57,"column":8},"end":{"line":57,"column":29}},"5":{"start":{"line":58,"column":8},"end":{"line":58,"column":25}},"6":{"start":{"line":59,"column":8},"end":{"line":59,"column":26}},"7":{"start":{"line":60,"column":8},"end":{"line":60,"column":65}},"8":{"start":{"line":61,"column":8},"end":{"line":61,"column":17}},"9":{"start":{"line":62,"column":8},"end":{"line":62,"column":45}},"10":{"start":{"line":63,"column":8},"end":{"line":63,"column":36}},"11":{"start":{"line":64,"column":8},"end":{"line":64,"column":37}},"12":{"start":{"line":66,"column":8},"end":{"line":66,"column":40}},"13":{"start":{"line":68,"column":8},"end":{"line":68,"column":36}},"14":{"start":{"line":83,"column":8},"end":{"line":83,"column":98}},"15":{"start":{"line":86,"column":8},"end":{"line":86,"column":76}},"16":{"start":{"line":88,"column":8},"end":{"line":88,"column":52}},"17":{"start":{"line":90,"column":8},"end":{"line":90,"column":2665}},"18":{"start":{"line":97,"column":8},"end":{"line":97,"column":108}},"19":{"start":{"line":98,"column":8},"end":{"line":98,"column":69}},"20":{"start":{"line":101,"column":8},"end":{"line":101,"column":60}},"21":{"start":{"line":104,"column":8},"end":{"line":104,"column":3366}},"22":{"start":{"line":113,"column":8},"end":{"line":113,"column":79}},"23":{"start":{"line":116,"column":8},"end":{"line":116,"column":90}},"24":{"start":{"line":119,"column":8},"end":{"line":119,"column":111}},"25":{"start":{"line":120,"column":8},"end":{"line":120,"column":57}},"26":{"start":{"line":122,"column":8},"end":{"line":122,"column":132}},"27":{"start":{"line":125,"column":8},"end":{"line":125,"column":91}},"28":{"start":{"line":127,"column":8},"end":{"line":127,"column":23}},"29":{"start":{"line":131,"column":8},"end":{"line":131,"column":36}},"30":{"start":{"line":135,"column":8},"end":{"line":135,"column":76}},"31":{"start":{"line":136,"column":8},"end":{"line":136,"column":107}},"32":{"start":{"line":140,"column":8},"end":{"line":140,"column":76}},"33":{"start":{"line":141,"column":8},"end":{"line":141,"column":107}},"34":{"start":{"line":150,"column":8},"end":{"line":150,"column":76}},"35":{"start":{"line":151,"column":8},"end":{"line":151,"column":111}},"36":{"start":{"line":153,"column":8},"end":{"line":153,"column":74}},"37":{"start":{"line":162,"column":8},"end":{"line":162,"column":5728}},"38":{"start":{"line":166,"column":8},"end":{"line":166,"column":112}},"39":{"start":{"line":167,"column":8},"end":{"line":167,"column":51}},"40":{"start":{"line":168,"column":8},"end":{"line":168,"column":53}},"41":{"start":{"line":170,"column":8},"end":{"line":170,"column":6124}},"42":{"start":{"line":171,"column":12},"end":{"line":171,"column":6194}},"43":{"start":{"line":173,"column":16},"end":{"line":173,"column":73}},"44":{"start":{"line":174,"column":16},"end":{"line":174,"column":49}},"45":{"start":{"line":175,"column":16},"end":{"line":175,"column":73}},"46":{"start":{"line":176,"column":16},"end":{"line":176,"column":64}},"47":{"start":{"line":177,"column":16},"end":{"line":177,"column":78}},"48":{"start":{"line":178,"column":16},"end":{"line":178,"column":38}},"49":{"start":{"line":181,"column":16},"end":{"line":181,"column":73}},"50":{"start":{"line":182,"column":16},"end":{"line":182,"column":49}},"51":{"start":{"line":183,"column":16},"end":{"line":183,"column":109}},"52":{"start":{"line":184,"column":16},"end":{"line":184,"column":38}},"53":{"start":{"line":187,"column":12},"end":{"line":187,"column":7015}},"54":{"start":{"line":189,"column":16},"end":{"line":189,"column":85}},"55":{"start":{"line":190,"column":16},"end":{"line":190,"column":49}},"56":{"start":{"line":191,"column":16},"end":{"line":191,"column":85}},"57":{"start":{"line":192,"column":16},"end":{"line":192,"column":88}},"58":{"start":{"line":193,"column":16},"end":{"line":193,"column":90}},"59":{"start":{"line":194,"column":16},"end":{"line":194,"column":38}},"60":{"start":{"line":197,"column":16},"end":{"line":197,"column":67}},"61":{"start":{"line":198,"column":16},"end":{"line":198,"column":49}},"62":{"start":{"line":199,"column":16},"end":{"line":199,"column":109}},"63":{"start":{"line":200,"column":16},"end":{"line":200,"column":38}},"64":{"start":{"line":208,"column":8},"end":{"line":208,"column":17}},"65":{"start":{"line":209,"column":8},"end":{"line":209,"column":35}},"66":{"start":{"line":210,"column":8},"end":{"line":210,"column":68}},"67":{"start":{"line":210,"column":27},"end":{"line":210,"column":67}}},"branchMap":{"1":{"line":53,"type":"if","locations":[{"start":{"line":53,"column":8},"end":{"line":53,"column":8}},{"start":{"line":53,"column":8},"end":{"line":53,"column":8}}]},"2":{"line":83,"type":"if","locations":[{"start":{"line":83,"column":8},"end":{"line":83,"column":8}},{"start":{"line":83,"column":8},"end":{"line":83,"column":8}}]},"3":{"line":90,"type":"if","locations":[{"start":{"line":90,"column":8},"end":{"line":90,"column":8}},{"start":{"line":90,"column":8},"end":{"line":90,"column":8}}]},"4":{"line":98,"type":"if","locations":[{"start":{"line":98,"column":8},"end":{"line":98,"column":8}},{"start":{"line":98,"column":8},"end":{"line":98,"column":8}}]},"5":{"line":162,"type":"if","locations":[{"start":{"line":162,"column":8},"end":{"line":162,"column":8}},{"start":{"line":162,"column":8},"end":{"line":162,"column":8}}]},"6":{"line":170,"type":"if","locations":[{"start":{"line":170,"column":8},"end":{"line":170,"column":8}},{"start":{"line":170,"column":8},"end":{"line":170,"column":8}}]},"7":{"line":171,"type":"if","locations":[{"start":{"line":171,"column":12},"end":{"line":171,"column":12}},{"start":{"line":171,"column":12},"end":{"line":171,"column":12}}]},"8":{"line":187,"type":"if","locations":[{"start":{"line":187,"column":12},"end":{"line":187,"column":12}},{"start":{"line":187,"column":12},"end":{"line":187,"column":12}}]}}},"contracts/TBDFees.sol":{"l":{"38":0,"39":0,"40":0,"44":0,"48":0,"50":0,"52":0,"53":0},"path":"/Users/mortimr/_/alchedge-app/alchedge/contracts/TBDFees.sol","s":{"1":0,"2":0,"3":0,"4":0,"5":0,"6":0,"7":0,"8":0},"b":{"1":[0,0],"2":[0,0],"3":[0,0]},"f":{"1":0,"2":0,"3":0},"fnMap":{"1":{"name":"setFee","line":37,"loc":{"start":{"line":37,"column":4},"end":{"line":41,"column":4}}},"2":{"name":"computeAmountWithFees","line":43,"loc":{"start":{"line":43,"column":4},"end":{"line":45,"column":4}}},"3":{"name":"withdrawFees","line":47,"loc":{"start":{"line":47,"column":4},"end":{"line":54,"column":4}}}},"statementMap":{"1":{"start":{"line":38,"column":8},"end":{"line":38,"column":64}},"2":{"start":{"line":39,"column":8},"end":{"line":39,"column":17}},"3":{"start":{"line":40,"column":8},"end":{"line":40,"column":36}},"4":{"start":{"line":44,"column":8},"end":{"line":44,"column":49}},"5":{"start":{"line":48,"column":8},"end":{"line":48,"column":68}},"6":{"start":{"line":50,"column":8},"end":{"line":50,"column":57}},"7":{"start":{"line":52,"column":8},"end":{"line":52,"column":73}},"8":{"start":{"line":53,"column":8},"end":{"line":53,"column":56}}},"branchMap":{"1":{"line":38,"type":"if","locations":[{"start":{"line":38,"column":8},"end":{"line":38,"column":8}},{"start":{"line":38,"column":8},"end":{"line":38,"column":8}}]},"2":{"line":48,"type":"if","locations":[{"start":{"line":48,"column":8},"end":{"line":48,"column":8}},{"start":{"line":48,"column":8},"end":{"line":48,"column":8}}]},"3":{"line":53,"type":"if","locations":[{"start":{"line":53,"column":8},"end":{"line":53,"column":8}},{"start":{"line":53,"column":8},"end":{"line":53,"column":8}}]}}}}